TN:
SF:index.js
FNF:0
FNH:0
DA:1,1
DA:2,1
DA:3,1
DA:4,1
DA:5,1
DA:6,1
DA:7,1
DA:8,1
DA:9,1
DA:10,1
DA:11,1
DA:12,1
DA:13,1
DA:14,1
DA:15,1
DA:16,1
DA:17,1
DA:18,1
DA:19,1
DA:20,1
DA:21,1
DA:22,1
DA:23,1
DA:24,1
DA:25,1
DA:26,1
DA:27,1
DA:28,1
DA:29,1
DA:30,1
DA:31,1
DA:32,1
DA:33,1
DA:34,1
DA:35,1
DA:36,1
DA:37,1
DA:38,1
DA:39,1
DA:40,1
DA:41,1
DA:42,1
DA:43,1
DA:44,1
DA:45,1
DA:46,1
DA:47,1
DA:48,1
DA:49,1
DA:50,1
DA:51,1
DA:52,1
DA:53,1
DA:54,1
DA:55,1
DA:56,1
DA:57,1
DA:58,1
DA:59,1
DA:60,1
DA:61,1
DA:62,1
DA:63,1
DA:64,1
LF:64
LH:64
BRDA:1,0,0,1
BRDA:51,1,0,1
BRDA:52,2,0,0
BRDA:62,3,0,1
BRF:4
BRH:3
end_of_record
TN:
SF:docs\apidoc.js
FNF:0
FNH:0
DA:1,1
DA:2,1
DA:3,1
DA:4,1
DA:5,1
DA:6,1
DA:7,1
DA:8,1
DA:9,1
DA:10,1
DA:11,1
DA:12,1
DA:13,1
DA:14,1
DA:15,1
DA:16,1
DA:17,1
DA:18,1
DA:19,1
DA:20,1
DA:21,1
DA:22,1
DA:23,1
DA:24,1
DA:25,1
DA:26,1
DA:27,1
DA:28,1
DA:29,1
DA:30,1
DA:31,1
DA:32,1
DA:33,1
DA:34,1
DA:35,1
LF:35
LH:35
BRDA:1,0,0,1
BRF:1
BRH:1
end_of_record
TN:
SF:docs\users.js
FNF:0
FNH:0
DA:1,1
DA:2,1
DA:3,1
DA:4,1
DA:5,1
DA:6,1
DA:7,1
DA:8,1
DA:9,1
DA:10,1
DA:11,1
DA:12,1
DA:13,1
DA:14,1
DA:15,1
DA:16,1
DA:17,1
DA:18,1
DA:19,1
DA:20,1
DA:21,1
DA:22,1
DA:23,1
DA:24,1
DA:25,1
DA:26,1
DA:27,1
DA:28,1
DA:29,1
DA:30,1
DA:31,1
DA:32,1
DA:33,1
DA:34,1
DA:35,1
DA:36,1
DA:37,1
DA:38,1
DA:39,1
DA:40,1
DA:41,1
DA:42,1
DA:43,1
DA:44,1
DA:45,1
DA:46,1
DA:47,1
DA:48,1
DA:49,1
DA:50,1
DA:51,1
DA:52,1
DA:53,1
DA:54,1
DA:55,1
DA:56,1
DA:57,1
DA:58,1
DA:59,1
DA:60,1
DA:61,1
DA:62,1
DA:63,1
DA:64,1
DA:65,1
DA:66,1
DA:67,1
DA:68,1
DA:69,1
DA:70,1
DA:71,1
DA:72,1
DA:73,1
DA:74,1
DA:75,1
DA:76,1
DA:77,1
DA:78,1
DA:79,1
DA:80,1
DA:81,1
DA:82,1
DA:83,1
DA:84,1
DA:85,1
DA:86,1
LF:86
LH:86
BRDA:1,0,0,1
BRF:1
BRH:1
end_of_record
TN:
SF:src\controllers\blogs.js
FN:10,getBlogs
FN:30,getSingleBlog
FN:47,createBlog
FN:80,editBlog
FN:123,deleteBlog
FN:143,likeBlog
FNF:6
FNH:6
FNDA:2,getBlogs
FNDA:2,getSingleBlog
FNDA:1,createBlog
FNDA:3,editBlog
FNDA:2,deleteBlog
FNDA:2,likeBlog
DA:1,1
DA:2,1
DA:3,1
DA:4,1
DA:5,1
DA:6,1
DA:7,1
DA:8,1
DA:9,1
DA:10,1
DA:11,2
DA:12,1
DA:13,1
DA:14,1
DA:15,1
DA:16,1
DA:17,1
DA:18,1
DA:19,0
DA:20,0
DA:21,0
DA:22,0
DA:23,0
DA:24,0
DA:25,2
DA:26,2
DA:27,2
DA:28,1
DA:29,1
DA:30,1
DA:31,2
DA:32,2
DA:33,1
DA:34,1
DA:35,1
DA:36,1
DA:37,1
DA:38,1
DA:39,1
DA:40,1
DA:41,1
DA:42,1
DA:43,1
DA:44,2
DA:45,1
DA:46,1
DA:47,1
DA:48,1
DA:49,0
DA:50,0
DA:51,0
DA:52,0
DA:53,1
DA:54,1
DA:55,1
DA:56,1
DA:57,1
DA:58,1
DA:59,1
DA:60,1
DA:61,1
DA:62,1
DA:63,1
DA:64,1
DA:65,1
DA:66,1
DA:67,1
DA:68,1
DA:69,1
DA:70,1
DA:71,1
DA:72,0
DA:73,0
DA:74,0
DA:75,0
DA:76,0
DA:77,0
DA:78,1
DA:79,1
DA:80,1
DA:81,3
DA:82,3
DA:83,2
DA:84,2
DA:85,1
DA:86,1
DA:87,1
DA:88,1
DA:89,1
DA:90,1
DA:91,1
DA:92,1
DA:93,1
DA:94,1
DA:95,1
DA:96,1
DA:97,1
DA:98,1
DA:99,1
DA:100,1
DA:101,1
DA:102,1
DA:103,1
DA:104,1
DA:105,1
DA:106,1
DA:107,1
DA:108,1
DA:109,1
DA:110,1
DA:111,1
DA:112,1
DA:113,2
DA:114,2
DA:115,1
DA:116,1
DA:117,1
DA:118,1
DA:119,1
DA:120,1
DA:121,1
DA:122,1
DA:123,1
DA:124,2
DA:125,2
DA:126,2
DA:127,1
DA:128,1
DA:129,1
DA:130,1
DA:131,1
DA:132,1
DA:133,1
DA:134,1
DA:135,0
DA:136,0
DA:137,0
DA:138,0
DA:139,0
DA:140,1
DA:141,1
DA:142,1
DA:143,1
DA:144,2
DA:145,2
DA:146,2
DA:147,2
DA:148,2
DA:149,1
DA:150,1
DA:151,1
DA:152,1
DA:153,1
DA:154,1
DA:155,1
DA:156,1
DA:157,1
DA:158,1
DA:159,1
DA:160,1
DA:161,1
DA:162,1
DA:163,1
DA:164,1
DA:165,1
DA:166,1
DA:167,1
DA:168,1
DA:169,1
DA:170,1
DA:171,1
DA:172,1
DA:173,2
DA:174,2
DA:175,2
DA:176,1
DA:177,1
DA:178,1
DA:179,1
DA:180,1
DA:181,1
DA:182,1
DA:183,1
DA:184,1
DA:185,1
LF:185
LH:164
BRDA:1,0,0,1
BRDA:10,1,0,2
BRDA:11,2,0,1
BRDA:18,3,0,0
BRDA:30,4,0,2
BRDA:31,5,0,2
BRDA:32,6,0,1
BRDA:47,7,0,1
BRDA:71,8,0,0
BRDA:62,9,0,1
BRDA:80,10,0,3
BRDA:82,11,0,2
BRDA:115,12,0,1
BRDA:83,13,0,2
BRDA:84,14,0,1
BRDA:97,15,0,1
BRDA:123,16,0,2
BRDA:127,17,0,1
BRDA:127,18,0,1
BRDA:134,19,0,0
BRDA:143,20,0,2
BRDA:146,21,0,2
BRDA:148,22,0,1
BRDA:152,23,0,1
BRDA:161,24,0,1
BRDA:163,25,0,1
BRF:26
BRH:23
end_of_record
TN:
SF:src\controllers\messages.js
FN:3,getMessages
FN:28,getSingleMessage
FN:45,deleteMessage
FN:63,sendMessage
FNF:4
FNH:4
FNDA:2,getMessages
FNDA:2,getSingleMessage
FNDA:2,deleteMessage
FNDA:2,sendMessage
DA:1,1
DA:2,1
DA:3,1
DA:4,2
DA:5,2
DA:6,2
DA:7,0
DA:8,0
DA:9,0
DA:10,0
DA:11,0
DA:12,2
DA:13,2
DA:14,2
DA:15,2
DA:16,2
DA:17,2
DA:18,2
DA:19,2
DA:20,0
DA:21,0
DA:22,0
DA:23,0
DA:24,0
DA:25,2
DA:26,1
DA:27,1
DA:28,1
DA:29,2
DA:30,2
DA:31,1
DA:32,1
DA:33,1
DA:34,1
DA:35,1
DA:36,1
DA:37,1
DA:38,1
DA:39,1
DA:40,1
DA:41,1
DA:42,2
DA:43,1
DA:44,1
DA:45,1
DA:46,2
DA:47,2
DA:48,1
DA:49,1
DA:50,1
DA:51,1
DA:52,1
DA:53,1
DA:54,1
DA:55,1
DA:56,1
DA:57,1
DA:58,1
DA:59,1
DA:60,2
DA:61,1
DA:62,1
DA:63,1
DA:64,2
DA:65,2
DA:66,2
DA:67,2
DA:68,2
DA:69,2
DA:70,2
DA:71,2
DA:72,2
DA:73,2
DA:74,2
DA:75,2
DA:76,2
DA:77,2
DA:78,2
DA:79,2
DA:80,2
DA:81,2
DA:82,0
DA:83,0
DA:84,0
DA:85,0
DA:86,0
DA:87,0
DA:88,1
DA:89,1
DA:90,1
DA:91,1
DA:92,1
DA:93,1
DA:94,1
DA:95,1
LF:95
LH:79
BRDA:1,0,0,1
BRDA:3,1,0,2
BRDA:4,2,0,2
BRDA:6,3,0,0
BRDA:19,4,0,0
BRDA:28,5,0,2
BRDA:29,6,0,2
BRDA:30,7,0,1
BRDA:45,8,0,2
BRDA:46,9,0,2
BRDA:47,10,0,1
BRDA:63,11,0,2
BRDA:81,12,0,0
BRDA:71,13,0,2
BRF:14
BRH:11
end_of_record
TN:
SF:src\controllers\postComment.js
FN:5,postComment
FN:32,getComments
FNF:2
FNH:2
FNDA:1,postComment
FNDA:2,getComments
DA:1,1
DA:2,1
DA:3,1
DA:4,1
DA:5,1
DA:6,1
DA:7,1
DA:8,1
DA:9,1
DA:10,1
DA:11,1
DA:12,1
DA:13,1
DA:14,1
DA:15,1
DA:16,1
DA:17,1
DA:18,1
DA:19,1
DA:20,1
DA:21,1
DA:22,1
DA:23,1
DA:24,0
DA:25,0
DA:26,0
DA:27,0
DA:28,0
DA:29,1
DA:30,1
DA:31,1
DA:32,1
DA:33,2
DA:34,2
DA:35,1
DA:36,1
DA:37,1
DA:38,1
DA:39,1
DA:40,1
DA:41,1
DA:42,1
DA:43,1
DA:44,1
DA:45,2
DA:46,1
DA:47,1
DA:48,1
DA:49,1
DA:50,1
DA:51,2
DA:52,1
DA:53,1
DA:54,1
DA:55,1
DA:56,1
DA:57,1
LF:57
LH:52
BRDA:2,0,0,1
BRDA:5,1,0,1
BRDA:6,2,0,1
BRDA:23,3,0,0
BRDA:13,4,0,1
BRDA:32,5,0,2
BRDA:33,6,0,2
BRDA:34,7,0,1
BRDA:45,8,0,1
BRDA:35,9,0,1
BRF:10
BRH:9
end_of_record
TN:
SF:src\controllers\users.js
FN:17,createUser
FN:25,createAdmin
FN:62,users
FN:91,getSingleUser
FN:109,editUserName
FN:123,editPassword
FN:136,editDp
FN:166,deleteUser
FNF:8
FNH:6
FNDA:3,createUser
FNDA:2,createAdmin
FNDA:0,users
FNDA:0,getSingleUser
FNDA:1,editUserName
FNDA:1,editPassword
FNDA:1,editDp
FNDA:5,deleteUser
DA:1,1
DA:2,1
DA:3,1
DA:4,1
DA:5,1
DA:6,1
DA:7,1
DA:8,1
DA:9,1
DA:10,1
DA:11,1
DA:12,1
DA:13,1
DA:14,1
DA:15,1
DA:16,1
DA:17,1
DA:18,3
DA:19,3
DA:20,3
DA:21,3
DA:22,3
DA:23,1
DA:24,1
DA:25,1
DA:26,2
DA:27,2
DA:28,1
DA:29,1
DA:30,1
DA:31,1
DA:32,1
DA:33,1
DA:34,1
DA:35,1
DA:36,1
DA:37,1
DA:38,1
DA:39,1
DA:40,1
DA:41,1
DA:42,1
DA:43,1
DA:44,1
DA:45,1
DA:46,1
DA:47,1
DA:48,1
DA:49,1
DA:50,1
DA:51,1
DA:52,1
DA:53,1
DA:54,1
DA:55,1
DA:56,1
DA:57,2
DA:58,1
DA:59,1
DA:60,1
DA:61,1
DA:62,1
DA:63,0
DA:64,0
DA:65,0
DA:66,0
DA:67,0
DA:68,0
DA:69,0
DA:70,0
DA:71,0
DA:72,0
DA:73,0
DA:74,0
DA:75,0
DA:76,0
DA:77,0
DA:78,0
DA:79,0
DA:80,0
DA:81,0
DA:82,0
DA:83,0
DA:84,0
DA:85,0
DA:86,0
DA:87,0
DA:88,0
DA:89,1
DA:90,1
DA:91,1
DA:92,0
DA:93,0
DA:94,0
DA:95,0
DA:96,0
DA:97,0
DA:98,0
DA:99,0
DA:100,0
DA:101,0
DA:102,0
DA:103,0
DA:104,0
DA:105,0
DA:106,0
DA:107,1
DA:108,1
DA:109,1
DA:110,1
DA:111,1
DA:112,1
DA:113,1
DA:114,1
DA:115,1
DA:116,1
DA:117,1
DA:118,1
DA:119,1
DA:120,1
DA:121,1
DA:122,1
DA:123,1
DA:124,1
DA:125,1
DA:126,1
DA:127,1
DA:128,1
DA:129,1
DA:130,1
DA:131,1
DA:132,1
DA:133,1
DA:134,1
DA:135,1
DA:136,1
DA:137,1
DA:138,1
DA:139,0
DA:140,0
DA:141,0
DA:142,0
DA:143,0
DA:144,1
DA:145,1
DA:146,1
DA:147,1
DA:148,0
DA:149,0
DA:150,0
DA:151,0
DA:152,0
DA:153,0
DA:154,0
DA:155,0
DA:156,0
DA:157,0
DA:158,0
DA:159,0
DA:160,0
DA:161,0
DA:162,0
DA:163,0
DA:164,1
DA:165,1
DA:166,1
DA:167,5
DA:168,5
DA:169,4
DA:170,4
DA:171,4
DA:172,4
DA:173,5
DA:174,1
DA:175,1
DA:176,1
DA:177,1
DA:178,1
DA:179,1
DA:180,5
DA:181,1
DA:182,1
DA:183,1
DA:184,1
DA:185,1
DA:186,1
DA:187,1
DA:188,1
DA:189,1
DA:190,1
DA:191,1
DA:192,1
DA:193,1
LF:193
LH:131
BRDA:1,0,0,1
BRDA:17,1,0,3
BRDA:25,2,0,2
BRDA:26,3,0,2
BRDA:27,4,0,1
BRDA:44,5,0,1
BRDA:46,6,0,1
BRDA:109,7,0,1
BRDA:112,8,0,1
BRDA:123,9,0,1
BRDA:125,10,0,1
BRDA:136,11,0,1
BRDA:138,12,0,0
BRDA:147,13,0,0
BRDA:166,14,0,5
BRDA:167,15,0,5
BRDA:168,16,0,4
BRDA:173,17,0,1
BRF:18
BRH:16
end_of_record
TN:
SF:src\middleware\isLoggedIn.js
FN:4,isLoggedInAsAdmin
FNF:1
FNH:1
FNDA:18,isLoggedInAsAdmin
DA:1,1
DA:2,1
DA:3,1
DA:4,18
DA:5,18
DA:6,18
DA:7,17
DA:8,17
DA:9,1
DA:10,1
DA:11,1
DA:12,1
DA:13,18
DA:14,1
DA:15,1
DA:16,1
DA:17,1
LF:17
LH:17
BRDA:1,0,0,1
BRDA:4,1,0,18
BRDA:6,2,0,17
BRDA:9,3,0,1
BRF:4
BRH:4
end_of_record
TN:
SF:src\middleware\upload.js
FNF:0
FNH:0
DA:1,1
DA:2,1
DA:3,1
DA:4,1
DA:5,1
DA:6,1
LF:6
LH:6
BRDA:1,0,0,1
BRF:1
BRH:1
end_of_record
TN:
SF:src\middleware\validation.js
FN:1,validate
FNF:1
FNH:1
FNDA:9,validate
DA:1,1
DA:2,9
DA:3,9
DA:4,32
DA:5,32
DA:6,32
DA:7,4
DA:8,4
DA:9,4
DA:10,4
DA:11,32
DA:12,28
DA:13,28
DA:14,9
DA:15,9
LF:15
LH:15
BRDA:1,0,0,1
BRDA:1,1,0,9
BRDA:3,2,0,32
BRDA:6,3,0,4
BRDA:11,4,0,28
BRF:5
BRH:5
end_of_record
TN:
SF:src\models\blogsmodel.js
FNF:0
FNH:0
DA:1,1
DA:2,1
DA:3,1
DA:4,1
DA:5,1
DA:6,1
DA:7,1
DA:8,1
DA:9,1
DA:10,1
DA:11,1
DA:12,1
DA:13,1
DA:14,1
DA:15,1
DA:16,1
DA:17,1
DA:18,1
DA:19,1
DA:20,1
DA:21,1
DA:22,1
DA:23,1
DA:24,1
DA:25,1
DA:26,1
DA:27,1
DA:28,1
DA:29,1
DA:30,1
LF:30
LH:30
BRDA:1,0,0,1
BRF:1
BRH:1
end_of_record
TN:
SF:src\models\commentsmodel.js
FNF:0
FNH:0
DA:1,1
DA:2,1
DA:3,1
DA:4,1
DA:5,1
DA:6,1
DA:7,1
DA:8,1
DA:9,1
DA:10,1
DA:11,1
DA:12,1
DA:13,1
DA:14,1
DA:15,1
DA:16,1
DA:17,1
DA:18,1
DA:19,1
DA:20,1
DA:21,1
DA:22,1
DA:23,1
LF:23
LH:23
BRDA:1,0,0,1
BRF:1
BRH:1
end_of_record
TN:
SF:src\models\messagesmodel.js
FNF:0
FNH:0
DA:1,1
DA:2,1
DA:3,1
DA:4,1
DA:5,1
DA:6,1
DA:7,1
DA:8,1
DA:9,1
DA:10,1
DA:11,1
DA:12,1
DA:13,1
DA:14,1
DA:15,1
DA:16,1
DA:17,1
DA:18,1
DA:19,1
DA:20,1
DA:21,1
LF:21
LH:21
BRDA:1,0,0,1
BRF:1
BRH:1
end_of_record
TN:
SF:src\models\usersmodel.js
FNF:0
FNH:0
DA:1,1
DA:2,1
DA:3,1
DA:4,1
DA:5,1
DA:6,1
DA:7,1
DA:8,1
DA:9,1
DA:10,1
DA:11,1
DA:12,1
DA:13,1
DA:14,1
DA:15,1
DA:16,1
DA:17,1
DA:18,1
DA:19,1
DA:20,1
DA:21,1
DA:22,1
DA:23,1
DA:24,1
DA:25,1
DA:26,1
DA:27,1
DA:28,1
DA:29,1
DA:30,1
DA:31,1
DA:32,1
DA:33,1
DA:34,1
DA:35,1
LF:35
LH:35
BRDA:1,0,0,1
BRF:1
BRH:1
end_of_record
TN:
SF:src\routes\blogs.js
FNF:0
FNH:0
DA:1,1
DA:2,1
DA:3,1
DA:4,1
DA:5,1
DA:6,1
DA:7,1
DA:8,1
DA:9,1
DA:10,1
DA:11,1
DA:12,1
DA:13,1
DA:14,1
DA:15,1
DA:16,1
DA:17,1
DA:18,1
DA:19,1
DA:20,1
DA:21,1
DA:22,1
DA:23,1
DA:24,1
DA:25,1
DA:26,1
DA:27,1
DA:28,1
DA:29,1
DA:30,1
DA:31,1
DA:32,1
DA:33,1
DA:34,1
DA:35,1
DA:36,1
DA:37,1
DA:38,1
DA:39,1
DA:40,1
DA:41,1
DA:42,1
DA:43,1
DA:44,1
DA:45,1
DA:46,1
DA:47,1
DA:48,1
DA:49,1
DA:50,1
DA:51,1
DA:52,1
DA:53,1
DA:54,1
DA:55,1
DA:56,1
DA:57,1
DA:58,1
DA:59,1
DA:60,1
DA:61,1
DA:62,1
DA:63,1
DA:64,1
DA:65,1
DA:66,1
DA:67,1
DA:68,1
DA:69,1
DA:70,1
DA:71,1
DA:72,1
DA:73,1
DA:74,1
DA:75,1
DA:76,1
DA:77,1
DA:78,1
DA:79,1
DA:80,1
DA:81,1
DA:82,1
DA:83,1
DA:84,1
DA:85,1
DA:86,1
DA:87,1
DA:88,1
DA:89,1
DA:90,1
DA:91,1
DA:92,1
DA:93,1
DA:94,1
DA:95,1
DA:96,1
DA:97,1
DA:98,1
DA:99,1
DA:100,1
DA:101,1
DA:102,1
DA:103,1
DA:104,1
DA:105,1
DA:106,1
DA:107,1
DA:108,1
DA:109,1
DA:110,1
DA:111,1
DA:112,1
DA:113,1
DA:114,1
DA:115,1
DA:116,1
DA:117,1
DA:118,1
DA:119,1
DA:120,1
DA:121,1
DA:122,1
DA:123,1
DA:124,1
DA:125,1
DA:126,1
DA:127,1
DA:128,1
DA:129,1
DA:130,1
DA:131,1
DA:132,1
DA:133,1
DA:134,1
DA:135,1
DA:136,1
DA:137,1
DA:138,1
DA:139,1
DA:140,1
DA:141,1
DA:142,1
DA:143,1
DA:144,1
DA:145,1
DA:146,1
DA:147,1
DA:148,1
DA:149,1
DA:150,1
DA:151,1
DA:152,1
DA:153,1
DA:154,1
DA:155,1
DA:156,1
DA:157,1
DA:158,1
DA:159,1
DA:160,1
DA:161,1
DA:162,1
DA:163,1
DA:164,1
DA:165,1
DA:166,1
DA:167,1
DA:168,1
DA:169,1
DA:170,1
DA:171,1
DA:172,1
DA:173,1
DA:174,1
DA:175,1
DA:176,1
DA:177,1
DA:178,1
DA:179,1
DA:180,1
DA:181,1
DA:182,1
DA:183,1
DA:184,1
DA:185,1
DA:186,1
DA:187,1
DA:188,1
DA:189,1
DA:190,1
DA:191,1
DA:192,1
DA:193,1
DA:194,1
DA:195,1
DA:196,1
DA:197,1
DA:198,1
DA:199,1
DA:200,1
DA:201,1
DA:202,1
DA:203,1
DA:204,1
DA:205,1
DA:206,1
DA:207,1
DA:208,1
DA:209,1
DA:210,1
DA:211,1
DA:212,1
DA:213,1
DA:214,1
DA:215,1
DA:216,1
DA:217,1
DA:218,1
DA:219,1
DA:220,1
DA:221,1
DA:222,1
DA:223,1
DA:224,1
DA:225,1
DA:226,1
DA:227,1
DA:228,1
DA:229,1
DA:230,1
DA:231,1
DA:232,1
DA:233,1
DA:234,1
DA:235,1
DA:236,1
DA:237,1
DA:238,1
DA:239,1
DA:240,1
DA:241,1
DA:242,1
DA:243,1
DA:244,1
DA:245,1
DA:246,1
DA:247,1
DA:248,1
DA:249,1
DA:250,1
DA:251,1
DA:252,1
DA:253,1
DA:254,1
DA:255,1
DA:256,1
DA:257,1
DA:258,1
DA:259,1
DA:260,1
DA:261,1
DA:262,1
DA:263,1
DA:264,1
DA:265,1
DA:266,1
DA:267,1
DA:268,1
DA:269,1
DA:270,1
DA:271,1
DA:272,1
DA:273,1
DA:274,1
DA:275,1
DA:276,1
DA:277,1
DA:278,1
DA:279,1
DA:280,1
DA:281,1
DA:282,1
DA:283,1
DA:284,1
DA:285,1
DA:286,1
DA:287,1
DA:288,1
DA:289,1
DA:290,1
DA:291,1
DA:292,1
DA:293,1
DA:294,1
DA:295,1
DA:296,1
DA:297,1
DA:298,1
DA:299,1
DA:300,1
DA:301,1
DA:302,1
DA:303,1
DA:304,1
DA:305,1
DA:306,1
DA:307,1
DA:308,1
DA:309,1
DA:310,1
DA:311,1
DA:312,1
DA:313,1
DA:314,1
DA:315,1
DA:316,1
DA:317,1
DA:318,1
DA:319,1
DA:320,1
DA:321,1
DA:322,1
DA:323,1
DA:324,1
DA:325,1
DA:326,1
DA:327,1
DA:328,1
DA:329,1
DA:330,1
DA:331,1
DA:332,1
DA:333,1
DA:334,1
DA:335,1
DA:336,1
DA:337,1
DA:338,1
DA:339,1
DA:340,1
DA:341,1
DA:342,1
DA:343,1
DA:344,1
DA:345,1
DA:346,1
DA:347,1
DA:348,1
DA:349,1
DA:350,1
DA:351,1
DA:352,1
DA:353,1
DA:354,1
DA:355,1
DA:356,1
DA:357,1
DA:358,1
DA:359,1
DA:360,1
DA:361,1
DA:362,1
DA:363,1
DA:364,1
DA:365,1
DA:366,1
DA:367,1
DA:368,1
DA:369,1
DA:370,1
DA:371,1
DA:372,1
DA:373,1
DA:374,1
LF:374
LH:374
BRDA:1,0,0,1
BRF:1
BRH:1
end_of_record
TN:
SF:src\routes\messages.js
FNF:0
FNH:0
DA:1,1
DA:2,1
DA:3,1
DA:4,1
DA:5,1
DA:6,1
DA:7,1
DA:8,1
DA:9,1
DA:10,1
DA:11,1
DA:12,1
DA:13,1
DA:14,1
DA:15,1
DA:16,1
DA:17,1
DA:18,1
DA:19,1
DA:20,1
DA:21,1
DA:22,1
DA:23,1
DA:24,1
DA:25,1
DA:26,1
DA:27,1
DA:28,1
DA:29,1
DA:30,1
DA:31,1
DA:32,1
DA:33,1
DA:34,1
DA:35,1
DA:36,1
DA:37,1
DA:38,1
DA:39,1
DA:40,1
DA:41,1
DA:42,1
DA:43,1
DA:44,1
DA:45,1
DA:46,1
DA:47,1
DA:48,1
DA:49,1
DA:50,1
DA:51,1
DA:52,1
DA:53,1
DA:54,1
DA:55,1
DA:56,1
DA:57,1
DA:58,1
DA:59,1
DA:60,1
DA:61,1
DA:62,1
DA:63,1
DA:64,1
DA:65,1
DA:66,1
DA:67,1
DA:68,1
DA:69,1
DA:70,1
DA:71,1
DA:72,1
DA:73,1
DA:74,1
DA:75,1
DA:76,1
DA:77,1
DA:78,1
DA:79,1
DA:80,1
DA:81,1
DA:82,1
DA:83,1
DA:84,1
DA:85,1
DA:86,1
DA:87,1
DA:88,1
DA:89,1
DA:90,1
DA:91,1
DA:92,1
DA:93,1
DA:94,1
DA:95,1
DA:96,1
DA:97,1
DA:98,1
DA:99,1
DA:100,1
DA:101,1
DA:102,1
DA:103,1
DA:104,1
DA:105,1
DA:106,1
DA:107,1
DA:108,1
DA:109,1
DA:110,1
DA:111,1
DA:112,1
DA:113,1
DA:114,1
DA:115,1
DA:116,1
DA:117,1
DA:118,1
DA:119,1
DA:120,1
DA:121,1
DA:122,1
DA:123,1
DA:124,1
DA:125,1
DA:126,1
DA:127,1
DA:128,1
DA:129,1
DA:130,1
DA:131,1
DA:132,1
LF:132
LH:132
BRDA:1,0,0,1
BRF:1
BRH:1
end_of_record
TN:
SF:src\routes\users.js
FNF:0
FNH:0
DA:1,1
DA:2,1
DA:3,1
DA:4,1
DA:5,1
DA:6,1
DA:7,1
DA:8,1
DA:9,1
DA:10,1
DA:11,1
DA:12,1
DA:13,1
DA:14,1
DA:15,1
DA:16,1
DA:17,1
DA:18,1
DA:19,1
DA:20,1
DA:21,1
DA:22,1
DA:23,1
DA:24,1
DA:25,1
DA:26,1
DA:27,1
DA:28,1
DA:29,1
DA:30,1
DA:31,1
DA:32,1
DA:33,1
DA:34,1
DA:35,1
DA:36,1
DA:37,1
DA:38,1
DA:39,1
DA:40,1
DA:41,1
DA:42,1
DA:43,1
DA:44,1
DA:45,1
DA:46,1
DA:47,1
DA:48,1
DA:49,1
DA:50,1
DA:51,1
DA:52,1
DA:53,1
DA:54,1
DA:55,1
DA:56,1
DA:57,1
DA:58,1
DA:59,1
DA:60,1
DA:61,1
DA:62,1
DA:63,1
DA:64,1
DA:65,1
DA:66,1
DA:67,1
DA:68,1
DA:69,1
DA:70,1
DA:71,1
DA:72,1
DA:73,1
DA:74,1
DA:75,1
DA:76,1
DA:77,1
DA:78,1
DA:79,1
DA:80,1
DA:81,1
DA:82,1
DA:83,1
DA:84,1
DA:85,1
DA:86,1
DA:87,1
DA:88,1
DA:89,1
DA:90,1
DA:91,1
DA:92,1
DA:93,1
DA:94,1
DA:95,1
DA:96,1
DA:97,1
DA:98,1
DA:99,1
DA:100,1
DA:101,1
DA:102,1
DA:103,1
DA:104,1
DA:105,1
DA:106,1
DA:107,1
DA:108,1
DA:109,1
DA:110,1
DA:111,1
DA:112,1
DA:113,1
DA:114,1
DA:115,1
DA:116,1
DA:117,1
DA:118,1
DA:119,1
DA:120,1
DA:121,1
DA:122,1
DA:123,1
DA:124,1
DA:125,1
DA:126,1
DA:127,1
DA:128,1
DA:129,1
DA:130,1
DA:131,1
DA:132,1
DA:133,1
DA:134,1
DA:135,1
DA:136,1
DA:137,1
DA:138,1
DA:139,1
DA:140,1
DA:141,1
DA:142,1
DA:143,1
DA:144,1
DA:145,1
DA:146,1
DA:147,1
DA:148,1
DA:149,1
DA:150,1
DA:151,1
DA:152,1
DA:153,1
DA:154,1
DA:155,1
DA:156,1
DA:157,1
DA:158,1
DA:159,1
DA:160,1
DA:161,1
DA:162,1
DA:163,1
DA:164,1
DA:165,1
DA:166,1
DA:167,1
DA:168,1
DA:169,1
DA:170,1
DA:171,1
DA:172,1
DA:173,1
DA:174,1
DA:175,1
DA:176,1
DA:177,1
DA:178,1
DA:179,1
DA:180,1
DA:181,1
DA:182,1
DA:183,1
DA:184,1
DA:185,1
DA:186,1
DA:187,1
DA:188,1
DA:189,1
DA:190,1
DA:191,1
DA:192,1
DA:193,1
DA:194,1
DA:195,1
DA:196,1
DA:197,1
DA:198,1
DA:199,1
DA:200,1
DA:201,1
DA:202,1
DA:203,1
DA:204,1
DA:205,1
DA:206,1
DA:207,1
DA:208,1
DA:209,1
DA:210,1
DA:211,1
DA:212,1
DA:213,1
DA:214,1
DA:215,1
DA:216,1
DA:217,1
DA:218,1
DA:219,1
DA:220,1
DA:221,1
DA:222,1
DA:223,1
DA:224,1
DA:225,1
DA:226,1
DA:227,1
DA:228,1
DA:229,1
DA:230,1
DA:231,1
DA:232,1
DA:233,1
DA:234,1
DA:235,1
DA:236,1
DA:237,1
DA:238,1
DA:239,1
DA:240,1
DA:241,1
DA:242,1
DA:243,1
DA:244,1
DA:245,1
DA:246,1
DA:247,1
DA:248,1
DA:249,1
DA:250,1
DA:251,1
DA:252,1
DA:253,1
DA:254,1
DA:255,1
DA:256,1
DA:257,1
DA:258,1
DA:259,1
DA:260,1
DA:261,1
DA:262,1
DA:263,1
DA:264,1
DA:265,1
DA:266,1
DA:267,1
DA:268,1
DA:269,1
DA:270,1
DA:271,1
DA:272,1
DA:273,1
DA:274,1
DA:275,1
DA:276,1
DA:277,1
DA:278,1
DA:279,1
DA:280,1
DA:281,1
DA:282,1
DA:283,1
DA:284,1
DA:285,1
DA:286,1
DA:287,1
DA:288,1
DA:289,1
DA:290,1
DA:291,1
DA:292,1
DA:293,1
DA:294,1
DA:295,1
DA:296,1
DA:297,1
DA:298,1
DA:299,1
DA:300,1
DA:301,1
DA:302,1
DA:303,1
DA:304,1
DA:305,1
DA:306,1
DA:307,1
DA:308,1
DA:309,1
DA:310,1
DA:311,1
DA:312,1
DA:313,1
DA:314,1
DA:315,1
DA:316,1
DA:317,1
DA:318,1
DA:319,1
DA:320,1
DA:321,1
DA:322,1
DA:323,1
DA:324,1
DA:325,1
DA:326,1
DA:327,1
DA:328,1
DA:329,1
DA:330,1
DA:331,1
DA:332,1
DA:333,1
DA:334,1
DA:335,1
DA:336,1
DA:337,1
DA:338,1
DA:339,1
DA:340,1
DA:341,1
DA:342,1
DA:343,1
DA:344,1
DA:345,1
DA:346,1
DA:347,1
DA:348,1
DA:349,1
DA:350,1
DA:351,1
DA:352,1
DA:353,1
DA:354,1
DA:355,1
DA:356,1
DA:357,1
DA:358,1
DA:359,1
DA:360,1
DA:361,1
DA:362,1
DA:363,1
DA:364,1
DA:365,1
DA:366,1
DA:367,1
DA:368,1
DA:369,1
DA:370,1
DA:371,1
DA:372,1
DA:373,1
DA:374,1
DA:375,1
DA:376,1
DA:377,1
DA:378,1
DA:379,1
DA:380,1
DA:381,1
DA:382,1
DA:383,1
DA:384,3
DA:385,3
DA:386,0
DA:387,0
DA:388,3
DA:389,3
DA:390,3
DA:391,3
DA:392,3
DA:393,3
DA:394,3
DA:395,3
DA:396,3
DA:397,3
DA:398,3
DA:399,3
DA:400,3
DA:401,3
DA:402,3
DA:403,3
DA:404,3
DA:405,3
DA:406,0
DA:407,0
DA:408,3
DA:409,3
DA:410,3
DA:411,3
DA:412,1
DA:413,1
DA:414,1
DA:415,1
DA:416,1
DA:417,1
DA:418,1
DA:419,14
DA:420,14
DA:421,14
DA:422,14
DA:423,14
DA:424,12
DA:425,12
DA:426,14
DA:427,2
DA:428,2
DA:429,14
DA:430,0
DA:431,0
DA:432,14
DA:433,14
DA:434,0
DA:435,0
DA:436,14
DA:437,1
DA:438,1
DA:439,1
DA:440,1
DA:441,1
DA:442,1
DA:443,1
DA:444,24
DA:445,24
DA:446,24
DA:447,0
DA:448,0
DA:449,24
DA:450,1
DA:451,1
DA:452,1
DA:453,1
DA:454,1
DA:455,1
DA:456,1
DA:457,1
DA:458,1
DA:459,1
DA:460,1
DA:461,1
DA:462,1
DA:463,1
DA:464,1
DA:465,1
DA:466,1
DA:467,1
DA:468,1
DA:469,1
DA:470,1
DA:471,1
DA:472,1
DA:473,1
DA:474,1
DA:475,1
DA:476,1
DA:477,14
DA:478,14
DA:479,14
DA:480,14
DA:481,14
DA:482,2
DA:483,2
DA:484,2
DA:485,12
DA:486,12
DA:487,12
DA:488,12
DA:489,12
DA:490,12
DA:491,12
DA:492,12
DA:493,12
DA:494,12
DA:495,14
DA:496,0
DA:497,0
DA:498,14
DA:499,14
DA:500,14
DA:501,1
DA:502,1
DA:503,1
DA:504,1
DA:505,1
DA:506,1
DA:507,1
DA:508,1
DA:509,1
DA:510,1
DA:511,1
DA:512,1
DA:513,1
DA:514,1
LF:514
LH:502
BRDA:1,0,0,1
BRDA:383,1,0,3
BRDA:384,2,0,3
BRDA:385,3,0,0
BRDA:405,4,0,0
BRDA:400,5,0,3
BRDA:418,6,0,14
BRDA:433,7,0,0
BRDA:420,8,0,14
BRDA:423,9,0,12
BRDA:426,10,0,2
BRDA:429,11,0,0
BRDA:443,12,0,24
BRDA:446,13,0,0
BRDA:476,14,0,14
BRDA:479,15,0,14
BRDA:481,16,0,2
BRDA:485,17,0,12
BRDA:495,18,0,0
BRDA:488,19,0,12
BRDA:489,20,0,0
BRDA:504,21,0,1
BRDA:505,22,0,1
BRDA:506,23,0,0
BRF:24
BRH:16
end_of_record
TN:
SF:src\test\test.js
FNF:0
FNH:0
DA:1,1
DA:2,1
DA:3,1
DA:4,1
DA:5,1
DA:6,1
DA:7,1
DA:8,1
DA:9,1
DA:10,1
DA:11,1
DA:12,1
DA:13,1
DA:14,1
DA:15,1
DA:16,1
DA:17,1
DA:18,1
DA:19,1
DA:20,1
DA:21,1
DA:22,1
DA:23,1
DA:24,1
DA:25,1
DA:26,1
DA:27,1
DA:28,1
DA:29,1
DA:30,1
DA:31,1
DA:32,1
DA:33,1
DA:34,1
DA:35,1
DA:36,1
DA:37,1
DA:38,1
DA:39,1
DA:40,1
DA:41,1
DA:42,1
DA:43,1
DA:44,1
DA:45,1
DA:46,1
DA:47,1
DA:48,1
DA:49,1
DA:50,1
DA:51,1
DA:52,1
DA:53,1
DA:54,1
DA:55,1
DA:56,1
DA:57,1
DA:58,1
DA:59,1
DA:60,1
DA:61,1
DA:62,1
DA:63,1
DA:64,1
DA:65,1
DA:66,1
DA:67,1
DA:68,1
DA:69,1
DA:70,1
DA:71,1
DA:72,1
DA:73,1
DA:74,1
DA:75,1
DA:76,1
DA:77,1
DA:78,1
DA:79,1
DA:80,1
DA:81,1
DA:82,1
DA:83,1
DA:84,1
DA:85,1
DA:86,1
DA:87,1
DA:88,1
DA:89,1
DA:90,1
DA:91,1
DA:92,1
DA:93,1
DA:94,1
DA:95,1
DA:96,1
DA:97,1
DA:98,1
DA:99,1
DA:100,1
DA:101,1
DA:102,1
DA:103,1
DA:104,1
DA:105,1
DA:106,1
DA:107,1
DA:108,1
DA:109,1
DA:110,1
DA:111,1
DA:112,1
DA:113,1
DA:114,1
DA:115,1
DA:116,1
DA:117,1
DA:118,1
DA:119,1
DA:120,1
DA:121,1
DA:122,1
DA:123,1
DA:124,1
DA:125,1
DA:126,1
DA:127,1
DA:128,1
DA:129,1
DA:130,1
DA:131,1
DA:132,1
DA:133,1
DA:134,1
DA:135,1
DA:136,1
DA:137,1
DA:138,1
DA:139,1
DA:140,1
DA:141,1
DA:142,1
DA:143,1
DA:144,1
DA:145,1
DA:146,1
DA:147,1
DA:148,1
DA:149,1
DA:150,1
DA:151,1
DA:152,1
DA:153,1
DA:154,1
DA:155,1
DA:156,1
DA:157,1
DA:158,1
DA:159,1
DA:160,1
DA:161,1
DA:162,1
DA:163,1
DA:164,1
DA:165,1
DA:166,1
DA:167,1
DA:168,1
DA:169,1
DA:170,1
DA:171,1
DA:172,1
DA:173,1
DA:174,1
DA:175,1
DA:176,1
DA:177,1
DA:178,1
DA:179,1
DA:180,1
DA:181,1
DA:182,1
DA:183,1
DA:184,1
DA:185,1
DA:186,1
DA:187,1
DA:188,1
DA:189,1
DA:190,1
DA:191,1
DA:192,1
DA:193,1
DA:194,1
DA:195,1
DA:196,1
DA:197,1
DA:198,1
DA:199,1
DA:200,1
DA:201,1
DA:202,1
DA:203,1
DA:204,1
DA:205,1
DA:206,1
DA:207,1
DA:208,1
DA:209,1
DA:210,1
DA:211,1
DA:212,1
DA:213,1
DA:214,1
DA:215,1
DA:216,1
DA:217,1
DA:218,1
DA:219,1
DA:220,1
DA:221,1
DA:222,1
DA:223,1
DA:224,1
DA:225,1
DA:226,1
DA:227,1
DA:228,1
DA:229,1
DA:230,1
DA:231,1
DA:232,1
DA:233,1
DA:234,1
DA:235,1
DA:236,1
DA:237,1
DA:238,1
DA:239,1
DA:240,1
DA:241,1
DA:242,1
DA:243,1
DA:244,1
DA:245,1
DA:246,1
DA:247,1
DA:248,1
DA:249,1
DA:250,1
DA:251,1
DA:252,1
DA:253,1
DA:254,1
DA:255,1
DA:256,1
DA:257,1
DA:258,1
DA:259,1
DA:260,1
DA:261,1
DA:262,1
DA:263,1
DA:264,1
DA:265,1
DA:266,1
DA:267,1
DA:268,1
DA:269,1
DA:270,1
DA:271,1
DA:272,1
DA:273,1
DA:274,1
DA:275,1
DA:276,1
DA:277,1
DA:278,1
DA:279,1
DA:280,1
DA:281,1
DA:282,1
DA:283,1
DA:284,1
DA:285,1
DA:286,1
DA:287,1
DA:288,1
DA:289,1
DA:290,1
DA:291,1
DA:292,1
DA:293,1
DA:294,1
DA:295,1
DA:296,1
DA:297,1
DA:298,1
DA:299,1
DA:300,1
DA:301,1
DA:302,1
DA:303,1
DA:304,1
DA:305,1
DA:306,1
DA:307,1
DA:308,1
DA:309,1
DA:310,1
DA:311,1
DA:312,1
DA:313,1
DA:314,1
DA:315,1
DA:316,1
DA:317,1
DA:318,1
DA:319,1
DA:320,1
DA:321,1
DA:322,1
DA:323,1
DA:324,1
DA:325,1
DA:326,1
DA:327,1
DA:328,1
DA:329,1
DA:330,1
DA:331,1
DA:332,1
DA:333,1
DA:334,1
DA:335,1
DA:336,1
DA:337,1
DA:338,1
DA:339,1
DA:340,1
DA:341,1
DA:342,1
DA:343,1
DA:344,1
DA:345,1
DA:346,1
DA:347,1
DA:348,1
DA:349,1
DA:350,1
DA:351,1
DA:352,1
DA:353,1
DA:354,1
DA:355,1
DA:356,1
DA:357,1
DA:358,1
DA:359,1
DA:360,1
DA:361,1
DA:362,1
DA:363,1
DA:364,1
DA:365,1
DA:366,1
DA:367,1
DA:368,1
DA:369,1
DA:370,1
DA:371,1
DA:372,0
DA:373,0
DA:374,1
DA:375,1
DA:376,1
DA:377,1
DA:378,1
DA:379,1
DA:380,1
DA:381,1
DA:382,1
DA:383,1
DA:384,1
DA:385,1
DA:386,1
DA:387,1
DA:388,1
DA:389,1
DA:390,1
DA:391,1
DA:392,1
DA:393,1
DA:394,1
DA:395,1
DA:396,1
DA:397,1
DA:398,1
DA:399,1
DA:400,1
DA:401,1
DA:402,1
DA:403,1
DA:404,1
DA:405,1
DA:406,1
DA:407,1
DA:408,1
DA:409,1
DA:410,1
DA:411,1
DA:412,1
DA:413,1
DA:414,1
DA:415,1
DA:416,1
DA:417,1
DA:418,1
DA:419,1
DA:420,1
DA:421,1
DA:422,1
DA:423,1
DA:424,1
DA:425,1
DA:426,1
DA:427,1
DA:428,1
DA:429,1
DA:430,1
DA:431,1
DA:432,1
DA:433,1
DA:434,1
DA:435,1
DA:436,1
DA:437,1
DA:438,1
DA:439,1
DA:440,1
DA:441,1
DA:442,1
DA:443,1
DA:444,1
DA:445,1
DA:446,1
DA:447,1
DA:448,1
DA:449,1
DA:450,1
DA:451,1
DA:452,1
DA:453,1
DA:454,1
DA:455,1
DA:456,1
DA:457,1
DA:458,1
DA:459,1
DA:460,1
DA:461,1
DA:462,1
DA:463,1
DA:464,1
DA:465,1
DA:466,1
DA:467,1
DA:468,1
DA:469,1
DA:470,1
DA:471,1
DA:472,1
DA:473,1
DA:474,1
DA:475,1
DA:476,1
DA:477,1
DA:478,1
DA:479,1
DA:480,1
DA:481,1
DA:482,1
DA:483,1
DA:484,1
DA:485,1
DA:486,1
DA:487,1
DA:488,1
DA:489,1
DA:490,1
DA:491,1
DA:492,1
DA:493,1
DA:494,1
DA:495,1
DA:496,1
DA:497,1
DA:498,1
DA:499,1
DA:500,1
DA:501,1
DA:502,1
DA:503,1
DA:504,1
DA:505,1
DA:506,1
DA:507,1
DA:508,1
DA:509,1
DA:510,1
DA:511,1
DA:512,1
DA:513,1
DA:514,1
DA:515,1
DA:516,1
DA:517,1
DA:518,1
DA:519,1
DA:520,1
DA:521,1
DA:522,1
DA:523,1
DA:524,1
DA:525,1
DA:526,1
DA:527,1
DA:528,1
DA:529,1
DA:530,1
DA:531,1
DA:532,1
DA:533,1
DA:534,1
DA:535,1
DA:536,1
DA:537,1
DA:538,1
DA:539,1
DA:540,1
DA:541,1
DA:542,1
DA:543,1
DA:544,1
DA:545,1
DA:546,1
DA:547,1
DA:548,1
DA:549,1
DA:550,1
DA:551,1
DA:552,1
DA:553,1
DA:554,1
DA:555,1
DA:556,1
DA:557,1
DA:558,1
DA:559,1
DA:560,1
DA:561,1
DA:562,1
DA:563,1
DA:564,1
DA:565,1
DA:566,1
DA:567,1
DA:568,1
DA:569,1
DA:570,1
DA:571,1
DA:572,1
DA:573,1
DA:574,1
DA:575,1
DA:576,1
DA:577,1
DA:578,1
DA:579,1
DA:580,1
DA:581,1
DA:582,1
DA:583,1
DA:584,1
DA:585,1
DA:586,1
DA:587,1
DA:588,1
DA:589,1
DA:590,1
DA:591,1
DA:592,1
DA:593,1
DA:594,1
DA:595,1
DA:596,1
DA:597,1
DA:598,1
DA:599,1
DA:600,1
DA:601,1
DA:602,1
DA:603,1
DA:604,1
DA:605,1
DA:606,1
DA:607,1
DA:608,1
DA:609,1
DA:610,1
DA:611,1
DA:612,1
DA:613,1
DA:614,1
DA:615,0
DA:616,0
DA:617,1
DA:618,1
DA:619,1
DA:620,1
DA:621,1
DA:622,1
DA:623,1
DA:624,1
DA:625,1
DA:626,1
DA:627,1
DA:628,1
DA:629,1
DA:630,1
DA:631,1
DA:632,1
DA:633,1
DA:634,1
DA:635,1
DA:636,1
DA:637,1
DA:638,1
DA:639,1
DA:640,1
DA:641,1
DA:642,1
DA:643,1
DA:644,1
DA:645,1
DA:646,1
DA:647,1
DA:648,1
DA:649,1
DA:650,1
DA:651,1
DA:652,1
DA:653,1
DA:654,1
DA:655,0
DA:656,0
DA:657,0
DA:658,0
DA:659,1
DA:660,1
DA:661,1
DA:662,1
DA:663,1
DA:664,1
DA:665,1
DA:666,1
DA:667,1
DA:668,1
DA:669,1
DA:670,1
LF:670
LH:662
BRDA:1,0,0,1
BRDA:23,1,0,1
BRDA:35,2,0,1
BRDA:39,3,0,1
BRDA:45,4,0,1
BRDA:47,5,0,1
BRDA:50,6,0,1
BRDA:56,7,0,1
BRDA:65,8,0,1
BRDA:72,9,0,1
BRDA:81,10,0,1
BRDA:88,11,0,1
BRDA:97,12,0,1
BRDA:106,13,0,1
BRDA:112,14,0,1
BRDA:120,15,0,1
BRDA:126,16,0,1
BRDA:137,17,0,1
BRDA:140,18,0,0
BRDA:146,19,0,1
BRDA:153,20,0,1
BRDA:161,21,0,1
BRDA:164,22,0,0
BRDA:175,23,0,1
BRDA:181,24,0,1
BRDA:195,25,0,1
BRDA:198,26,0,0
BRDA:202,27,0,1
BRDA:208,28,0,1
BRDA:215,29,0,1
BRDA:221,30,0,1
BRDA:230,31,0,1
BRDA:236,32,0,1
BRDA:251,33,0,1
BRDA:254,34,0,0
BRDA:259,35,0,1
BRDA:262,36,0,0
BRDA:273,37,0,1
BRDA:279,38,0,1
BRDA:288,39,0,1
BRDA:301,40,0,1
BRDA:307,41,0,1
BRDA:315,42,0,1
BRDA:324,43,0,1
BRDA:335,44,0,1
BRDA:341,45,0,1
BRDA:350,46,0,1
BRDA:363,47,0,1
BRDA:375,48,0,0
BRDA:380,49,0,1
BRDA:392,50,0,1
BRDA:398,51,0,1
BRDA:407,52,0,1
BRDA:420,53,0,1
BRDA:426,54,0,1
BRDA:435,55,0,1
BRDA:444,56,0,1
BRDA:455,57,0,1
BRDA:458,58,0,1
BRDA:465,59,0,1
BRDA:468,60,0,1
BRDA:474,61,0,1
BRDA:479,62,0,1
BRDA:483,63,0,1
BRDA:489,64,0,1
BRDA:494,65,0,1
BRDA:502,66,0,1
BRDA:508,67,0,1
BRDA:514,68,0,1
BRDA:525,69,0,1
BRDA:528,70,0,0
BRDA:534,71,0,1
BRDA:541,72,0,1
BRDA:549,73,0,1
BRDA:552,74,0,0
BRDA:561,75,0,1
BRDA:567,76,0,1
BRDA:576,77,0,1
BRDA:580,78,0,1
BRDA:592,79,0,1
BRDA:598,80,0,1
BRDA:607,81,0,1
BRDA:629,82,0,1
BRDA:632,83,0,0
BRDA:644,84,0,1
BRDA:647,85,0,0
BRF:86
BRH:76
end_of_record
TN:
SF:src\utils\cloudinary.js
FN:12,uploadImage
FN:22,deleteImage
FNF:2
FNH:2
FNDA:3,uploadImage
FNDA:2,deleteImage
DA:1,1
DA:2,1
DA:3,1
DA:4,1
DA:5,1
DA:6,1
DA:7,1
DA:8,1
DA:9,1
DA:10,1
DA:11,1
DA:12,1
DA:13,3
DA:14,3
DA:15,3
DA:16,3
DA:17,3
DA:18,3
DA:19,0
DA:20,0
DA:21,3
DA:22,1
DA:23,2
DA:24,2
DA:25,2
DA:26,2
DA:27,1
DA:28,1
DA:29,1
DA:30,1
DA:31,1
LF:31
LH:29
BRDA:1,0,0,1
BRDA:12,1,0,3
BRDA:18,2,0,0
BRDA:22,3,0,2
BRDA:23,4,0,2
BRF:5
BRH:4
end_of_record
TN:
SF:src\utils\errormessage.js
FN:1,errorMessage
FNF:1
FNH:1
FNDA:13,errorMessage
DA:1,1
DA:2,13
DA:3,13
DA:4,13
DA:5,13
DA:6,13
DA:7,13
DA:8,13
DA:9,13
DA:10,13
DA:11,13
DA:12,13
LF:12
LH:12
BRDA:1,0,0,1
BRDA:1,1,0,13
BRF:2
BRH:2
end_of_record
